[INFO] Scanning for projects...
[INFO] 
[INFO] -------------------------< com.minari:MINARI >--------------------------
[INFO] Building MINARI 0.0.1-SNAPSHOT
[INFO]   from pom.xml
[INFO] --------------------------------[ jar ]---------------------------------
[INFO] 
[INFO] --- clean:3.3.2:clean (default-clean) @ MINARI ---
[INFO] Deleting C:\pbofixed\minari-PBO\target
[INFO] 
[INFO] --- resources:3.3.1:resources (default-resources) @ MINARI ---
[INFO] Copying 4 resources from src\main\resources to target\classes
[INFO] Copying 127 resources from src\main\resources to target\classes
[INFO] 
[INFO] --- compiler:3.13.0:compile (default-compile) @ MINARI ---
[INFO] Recompiling the module because of changed source code.
[INFO] Compiling 99 source files with javac [debug parameters release 21] to target\classes
[INFO] Annotation processing is enabled because one or more processors were found
  on the class path. A future release of javac may disable annotation processing
  unless at least one processor is specified by name (-processor), or a search
  path is specified (--processor-path, --processor-module-path), or annotation
  processing is enabled explicitly (-proc:only, -proc:full).
  Use -Xlint:-options to suppress this message.
  Use -proc:none to disable annotation processing.
[INFO] /C:/pbofixed/minari-PBO/src/main/java/com/minari/ecommerce/controller/AuthController.java: Some input files use unchecked or unsafe operations.
[INFO] /C:/pbofixed/minari-PBO/src/main/java/com/minari/ecommerce/controller/AuthController.java: Recompile with -Xlint:unchecked for details.
[INFO] -------------------------------------------------------------
[ERROR] COMPILATION ERROR : 
[INFO] -------------------------------------------------------------
[ERROR] /C:/pbofixed/minari-PBO/src/main/java/com/minari/ecommerce/controller/ProductController.java:[20,13] cannot find symbol
  symbol: variable productService
[ERROR] /C:/pbofixed/minari-PBO/src/main/java/com/minari/ecommerce/controller/ProductController.java:[31,24] cannot find symbol
  symbol:   variable productService
  location: class com.minari.ecommerce.controller.ProductController
[ERROR] /C:/pbofixed/minari-PBO/src/main/java/com/minari/ecommerce/controller/ProductController.java:[34,24] cannot find symbol
  symbol:   variable productService
  location: class com.minari.ecommerce.controller.ProductController
[ERROR] /C:/pbofixed/minari-PBO/src/main/java/com/minari/ecommerce/controller/ProductController.java:[35,13] cannot find symbol
  symbol:   variable productService
  location: class com.minari.ecommerce.controller.ProductController
[ERROR] /C:/pbofixed/minari-PBO/src/main/java/com/minari/ecommerce/controller/ProductController.java:[41,24] cannot find symbol
  symbol:   variable productService
  location: class com.minari.ecommerce.controller.ProductController
[ERROR] /C:/pbofixed/minari-PBO/src/main/java/com/minari/ecommerce/controller/ProductController.java:[45,42] cannot find symbol
  symbol:   variable productService
  location: class com.minari.ecommerce.controller.ProductController
[ERROR] /C:/pbofixed/minari-PBO/src/main/java/com/minari/ecommerce/controller/ProductController.java:[49,61] cannot find symbol
  symbol:   variable productService
  location: class com.minari.ecommerce.controller.ProductController
[ERROR] /C:/pbofixed/minari-PBO/src/main/java/com/minari/ecommerce/controller/ProductController.java:[68,37] cannot find symbol
  symbol:   variable productService
  location: class com.minari.ecommerce.controller.ProductController
[INFO] 8 errors 
[INFO] -------------------------------------------------------------
[INFO] ------------------------------------------------------------------------
[INFO] BUILD FAILURE
[INFO] ------------------------------------------------------------------------
[INFO] Total time:  17.881 s
[INFO] Finished at: 2025-12-30T02:24:57+07:00
[INFO] ------------------------------------------------------------------------
[ERROR] Failed to execute goal org.apache.maven.plugins:maven-compiler-plugin:3.13.0:compile (default-compile) on project MINARI: Compilation failure: Compilation failure: 
[ERROR] /C:/pbofixed/minari-PBO/src/main/java/com/minari/ecommerce/controller/ProductController.java:[20,13] cannot find symbol
[ERROR]   symbol: variable productService
[ERROR] /C:/pbofixed/minari-PBO/src/main/java/com/minari/ecommerce/controller/ProductController.java:[31,24] cannot find symbol
[ERROR]   symbol:   variable productService
[ERROR]   location: class com.minari.ecommerce.controller.ProductController
[ERROR] /C:/pbofixed/minari-PBO/src/main/java/com/minari/ecommerce/controller/ProductController.java:[34,24] cannot find symbol
[ERROR]   symbol:   variable productService
[ERROR]   location: class com.minari.ecommerce.controller.ProductController
[ERROR] /C:/pbofixed/minari-PBO/src/main/java/com/minari/ecommerce/controller/ProductController.java:[35,13] cannot find symbol
[ERROR]   symbol:   variable productService
[ERROR]   location: class com.minari.ecommerce.controller.ProductController
[ERROR] /C:/pbofixed/minari-PBO/src/main/java/com/minari/ecommerce/controller/ProductController.java:[41,24] cannot find symbol
[ERROR]   symbol:   variable productService
[ERROR]   location: class com.minari.ecommerce.controller.ProductController
[ERROR] /C:/pbofixed/minari-PBO/src/main/java/com/minari/ecommerce/controller/ProductController.java:[45,42] cannot find symbol
[ERROR]   symbol:   variable productService
[ERROR]   location: class com.minari.ecommerce.controller.ProductController
[ERROR] /C:/pbofixed/minari-PBO/src/main/java/com/minari/ecommerce/controller/ProductController.java:[49,61] cannot find symbol
[ERROR]   symbol:   variable productService
[ERROR]   location: class com.minari.ecommerce.controller.ProductController
[ERROR] /C:/pbofixed/minari-PBO/src/main/java/com/minari/ecommerce/controller/ProductController.java:[68,37] cannot find symbol
[ERROR]   symbol:   variable productService
[ERROR]   location: class com.minari.ecommerce.controller.ProductController
[ERROR] -> [Help 1]
[ERROR] 
[ERROR] To see the full stack trace of the errors, re-run Maven with the -e switch.
[ERROR] Re-run Maven using the -X switch to enable full debug logging.
[ERROR] 
[ERROR] For more information about the errors and possible solutions, please read the following articles:
[ERROR] [Help 1] http://cwiki.apache.org/confluence/display/MAVEN/MojoFailureException
