.\mvnw.cmd : WARNING: A 
terminally deprecated 
method in sun.misc.Unsafe 
has been called
At line:1 char:1
+ .\mvnw.cmd clean 
package -DskipTests > 
build_debug.log 2>&1
+ ~~~~~~~~~~~~~~~~~~~~~~~~
~~~~~~~~~~~~~~~~~~~~~~~~~~
~~~~~~~~~
    + CategoryInfo        
      : NotSpecified: (W  
  ARNING: A term...has    
 been called:String) [    
], RemoteException
    + FullyQualifiedError 
   Id : NativeCommandErr  
  or
 
WARNING: sun.misc.Unsafe::
staticFieldBase has been 
called by com.google.injec
t.internal.aop.HiddenClass
Definer (file:/C:/Users/HP
/.m2/wrapper/dists/apache-
maven-3.9.11/03d7e36a14098
2eea48e22c1dcac01d8862b255
0b2939e09a0809bbc5182a5bc/
lib/guice-5.1.0-classes.ja
r)
WARNING: Please consider 
reporting this to the 
maintainers of class com.g
oogle.inject.internal.aop.
HiddenClassDefiner
WARNING: sun.misc.Unsafe::
staticFieldBase will be 
removed in a future 
release
[INFO] Scanning for projects...
[INFO] 
[INFO] -------------------------< com.minari:MINARI >--------------------------
[INFO] Building MINARI 0.0.1-SNAPSHOT
[INFO]   from pom.xml
[INFO] --------------------------------[ jar ]---------------------------------
[INFO] 
[INFO] --- clean:3.3.2:clean (default-clean) @ MINARI ---
[INFO] Deleting D:\minari-PBO\target
[INFO] 
[INFO] --- resources:3.3.1:resources (default-resources) @ MINARI ---
[INFO] Copying 4 resources from src\main\resources to target\classes
[INFO] Copying 126 resources from src\main\resources to target\classes
[INFO] 
[INFO] --- compiler:3.13.0:compile (default-compile) @ MINARI ---
[INFO] Recompiling the module because of changed source code.
[INFO] Compiling 76 source files with javac [debug parameters release 21] to target\classes
[INFO] /D:/minari-PBO/src/main/java/com/minari/ecommerce/controller/AuthController.java: Some input files use unchecked or unsafe operations.
[INFO] /D:/minari-PBO/src/main/java/com/minari/ecommerce/controller/AuthController.java: Recompile with -Xlint:unchecked for details.
[INFO] -------------------------------------------------------------
[ERROR] COMPILATION ERROR : 
[INFO] -------------------------------------------------------------
[ERROR] /D:/minari-PBO/src/main/java/com/minari/ecommerce/controller/ReportViewController.java:[40,9] cannot find symbol
  symbol:   variable log
  location: class com.minari.ecommerce.controller.ReportViewController
[ERROR] /D:/minari-PBO/src/main/java/com/minari/ecommerce/controller/ReportViewController.java:[65,13] cannot find symbol
  symbol:   variable log
  location: class com.minari.ecommerce.controller.ReportViewController
[ERROR] /D:/minari-PBO/src/main/java/com/minari/ecommerce/controller/ReportViewController.java:[81,9] cannot find symbol
  symbol:   variable log
  location: class com.minari.ecommerce.controller.ReportViewController
[ERROR] /D:/minari-PBO/src/main/java/com/minari/ecommerce/controller/ReportViewController.java:[108,13] cannot find symbol
  symbol:   variable log
  location: class com.minari.ecommerce.controller.ReportViewController
[ERROR] /D:/minari-PBO/src/main/java/com/minari/ecommerce/controller/ReportViewController.java:[120,9] cannot find symbol
  symbol:   variable log
  location: class com.minari.ecommerce.controller.ReportViewController
[ERROR] /D:/minari-PBO/src/main/java/com/minari/ecommerce/controller/ReportViewController.java:[135,13] cannot find symbol
  symbol:   variable log
  location: class com.minari.ecommerce.controller.ReportViewController
[ERROR] /D:/minari-PBO/src/main/java/com/minari/ecommerce/controller/ReportViewController.java:[147,9] cannot find symbol
  symbol:   variable log
  location: class com.minari.ecommerce.controller.ReportViewController
[ERROR] /D:/minari-PBO/src/main/java/com/minari/ecommerce/controller/ReportViewController.java:[161,13] cannot find symbol
  symbol:   variable log
  location: class com.minari.ecommerce.controller.ReportViewController
[ERROR] /D:/minari-PBO/src/main/java/com/minari/ecommerce/controller/ReportViewController.java:[176,9] cannot find symbol
  symbol:   variable log
  location: class com.minari.ecommerce.controller.ReportViewController
[ERROR] /D:/minari-PBO/src/main/java/com/minari/ecommerce/controller/ReportViewController.java:[199,13] cannot find symbol
  symbol:   variable log
  location: class com.minari.ecommerce.controller.ReportViewController
[ERROR] /D:/minari-PBO/src/main/java/com/minari/ecommerce/controller/ReportViewController.java:[215,9] cannot find symbol
  symbol:   variable log
  location: class com.minari.ecommerce.controller.ReportViewController
[ERROR] /D:/minari-PBO/src/main/java/com/minari/ecommerce/controller/ReportViewController.java:[243,13] cannot find symbol
  symbol:   variable log
  location: class com.minari.ecommerce.controller.ReportViewController
[ERROR] /D:/minari-PBO/src/main/java/com/minari/ecommerce/controller/ReportViewController.java:[259,9] cannot find symbol
  symbol:   variable log
  location: class com.minari.ecommerce.controller.ReportViewController
[ERROR] /D:/minari-PBO/src/main/java/com/minari/ecommerce/controller/ReportViewController.java:[272,13] cannot find symbol
  symbol:   variable log
  location: class com.minari.ecommerce.controller.ReportViewController
[ERROR] /D:/minari-PBO/src/main/java/com/minari/ecommerce/controller/ReportViewController.java:[288,9] cannot find symbol
  symbol:   variable log
  location: class com.minari.ecommerce.controller.ReportViewController
[ERROR] /D:/minari-PBO/src/main/java/com/minari/ecommerce/controller/ReportViewController.java:[295,13] cannot find symbol
  symbol:   variable log
  location: class com.minari.ecommerce.controller.ReportViewController
[ERROR] /D:/minari-PBO/src/main/java/com/minari/ecommerce/controller/ReportViewController.java:[310,9] cannot find symbol
  symbol:   variable log
  location: class com.minari.ecommerce.controller.ReportViewController
[ERROR] /D:/minari-PBO/src/main/java/com/minari/ecommerce/controller/ReportViewController.java:[317,13] cannot find symbol
  symbol:   variable log
  location: class com.minari.ecommerce.controller.ReportViewController
[ERROR] /D:/minari-PBO/src/main/java/com/minari/ecommerce/controller/ReportViewController.java:[334,9] cannot find symbol
  symbol:   variable log
  location: class com.minari.ecommerce.controller.ReportViewController
[ERROR] /D:/minari-PBO/src/main/java/com/minari/ecommerce/controller/ReportViewController.java:[343,13] cannot find symbol
  symbol:   variable log
  location: class com.minari.ecommerce.controller.ReportViewController
[ERROR] /D:/minari-PBO/src/main/java/com/minari/ecommerce/controller/api/CategoryApiController.java:[34,13] cannot find symbol
  symbol:   variable log
  location: class com.minari.ecommerce.controller.api.CategoryApiController
[ERROR] /D:/minari-PBO/src/main/java/com/minari/ecommerce/controller/api/CategoryApiController.java:[38,13] cannot find symbol
  symbol:   variable log
  location: class com.minari.ecommerce.controller.api.CategoryApiController
[ERROR] /D:/minari-PBO/src/main/java/com/minari/ecommerce/controller/api/CategoryApiController.java:[49,13] cannot find symbol
  symbol:   variable log
  location: class com.minari.ecommerce.controller.api.CategoryApiController
[ERROR] /D:/minari-PBO/src/main/java/com/minari/ecommerce/controller/api/CategoryApiController.java:[54,13] cannot find symbol
  symbol:   variable log
  location: class com.minari.ecommerce.controller.api.CategoryApiController
[ERROR] /D:/minari-PBO/src/main/java/com/minari/ecommerce/controller/api/CategoryApiController.java:[65,13] cannot find symbol
  symbol:   variable log
  location: class com.minari.ecommerce.controller.api.CategoryApiController
[ERROR] /D:/minari-PBO/src/main/java/com/minari/ecommerce/controller/api/CategoryApiController.java:[69,13] cannot find symbol
  symbol:   variable log
  location: class com.minari.ecommerce.controller.api.CategoryApiController
[INFO] 26 errors 
[INFO] -------------------------------------------------------------
[INFO] ------------------------------------------------------------------------
[INFO] BUILD FAILURE
[INFO] ------------------------------------------------------------------------
[INFO] Total time:  5.336 s
[INFO] Finished at: 2025-12-15T07:47:56+07:00
[INFO] ------------------------------------------------------------------------
[ERROR] Failed to execute goal org.apache.maven.plugins:maven-compiler-plugin:3.13.0:compile (default-compile) on project MINARI: Compilation failure: Compilation failure: 
[ERROR] /D:/minari-PBO/src/main/java/com/minari/ecommerce/controller/ReportViewController.java:[40,9] cannot find symbol
[ERROR]   symbol:   variable log
[ERROR]   location: class com.minari.ecommerce.controller.ReportViewController
[ERROR] /D:/minari-PBO/src/main/java/com/minari/ecommerce/controller/ReportViewController.java:[65,13] cannot find symbol
[ERROR]   symbol:   variable log
[ERROR]   location: class com.minari.ecommerce.controller.ReportViewController
[ERROR] /D:/minari-PBO/src/main/java/com/minari/ecommerce/controller/ReportViewController.java:[81,9] cannot find symbol
[ERROR]   symbol:   variable log
[ERROR]   location: class com.minari.ecommerce.controller.ReportViewController
[ERROR] /D:/minari-PBO/src/main/java/com/minari/ecommerce/controller/ReportViewController.java:[108,13] cannot find symbol
[ERROR]   symbol:   variable log
[ERROR]   location: class com.minari.ecommerce.controller.ReportViewController
[ERROR] /D:/minari-PBO/src/main/java/com/minari/ecommerce/controller/ReportViewController.java:[120,9] cannot find symbol
[ERROR]   symbol:   variable log
[ERROR]   location: class com.minari.ecommerce.controller.ReportViewController
[ERROR] /D:/minari-PBO/src/main/java/com/minari/ecommerce/controller/ReportViewController.java:[135,13] cannot find symbol
[ERROR]   symbol:   variable log
[ERROR]   location: class com.minari.ecommerce.controller.ReportViewController
[ERROR] /D:/minari-PBO/src/main/java/com/minari/ecommerce/controller/ReportViewController.java:[147,9] cannot find symbol
[ERROR]   symbol:   variable log
[ERROR]   location: class com.minari.ecommerce.controller.ReportViewController
[ERROR] /D:/minari-PBO/src/main/java/com/minari/ecommerce/controller/ReportViewController.java:[161,13] cannot find symbol
[ERROR]   symbol:   variable log
[ERROR]   location: class com.minari.ecommerce.controller.ReportViewController
[ERROR] /D:/minari-PBO/src/main/java/com/minari/ecommerce/controller/ReportViewController.java:[176,9] cannot find symbol
[ERROR]   symbol:   variable log
[ERROR]   location: class com.minari.ecommerce.controller.ReportViewController
[ERROR] /D:/minari-PBO/src/main/java/com/minari/ecommerce/controller/ReportViewController.java:[199,13] cannot find symbol
[ERROR]   symbol:   variable log
[ERROR]   location: class com.minari.ecommerce.controller.ReportViewController
[ERROR] /D:/minari-PBO/src/main/java/com/minari/ecommerce/controller/ReportViewController.java:[215,9] cannot find symbol
[ERROR]   symbol:   variable log
[ERROR]   location: class com.minari.ecommerce.controller.ReportViewController
[ERROR] /D:/minari-PBO/src/main/java/com/minari/ecommerce/controller/ReportViewController.java:[243,13] cannot find symbol
[ERROR]   symbol:   variable log
[ERROR]   location: class com.minari.ecommerce.controller.ReportViewController
[ERROR] /D:/minari-PBO/src/main/java/com/minari/ecommerce/controller/ReportViewController.java:[259,9] cannot find symbol
[ERROR]   symbol:   variable log
[ERROR]   location: class com.minari.ecommerce.controller.ReportViewController
[ERROR] /D:/minari-PBO/src/main/java/com/minari/ecommerce/controller/ReportViewController.java:[272,13] cannot find symbol
[ERROR]   symbol:   variable log
[ERROR]   location: class com.minari.ecommerce.controller.ReportViewController
[ERROR] /D:/minari-PBO/src/main/java/com/minari/ecommerce/controller/ReportViewController.java:[288,9] cannot find symbol
[ERROR]   symbol:   variable log
[ERROR]   location: class com.minari.ecommerce.controller.ReportViewController
[ERROR] /D:/minari-PBO/src/main/java/com/minari/ecommerce/controller/ReportViewController.java:[295,13] cannot find symbol
[ERROR]   symbol:   variable log
[ERROR]   location: class com.minari.ecommerce.controller.ReportViewController
[ERROR] /D:/minari-PBO/src/main/java/com/minari/ecommerce/controller/ReportViewController.java:[310,9] cannot find symbol
[ERROR]   symbol:   variable log
[ERROR]   location: class com.minari.ecommerce.controller.ReportViewController
[ERROR] /D:/minari-PBO/src/main/java/com/minari/ecommerce/controller/ReportViewController.java:[317,13] cannot find symbol
[ERROR]   symbol:   variable log
[ERROR]   location: class com.minari.ecommerce.controller.ReportViewController
[ERROR] /D:/minari-PBO/src/main/java/com/minari/ecommerce/controller/ReportViewController.java:[334,9] cannot find symbol
[ERROR]   symbol:   variable log
[ERROR]   location: class com.minari.ecommerce.controller.ReportViewController
[ERROR] /D:/minari-PBO/src/main/java/com/minari/ecommerce/controller/ReportViewController.java:[343,13] cannot find symbol
[ERROR]   symbol:   variable log
[ERROR]   location: class com.minari.ecommerce.controller.ReportViewController
[ERROR] /D:/minari-PBO/src/main/java/com/minari/ecommerce/controller/api/CategoryApiController.java:[34,13] cannot find symbol
[ERROR]   symbol:   variable log
[ERROR]   location: class com.minari.ecommerce.controller.api.CategoryApiController
[ERROR] /D:/minari-PBO/src/main/java/com/minari/ecommerce/controller/api/CategoryApiController.java:[38,13] cannot find symbol
[ERROR]   symbol:   variable log
[ERROR]   location: class com.minari.ecommerce.controller.api.CategoryApiController
[ERROR] /D:/minari-PBO/src/main/java/com/minari/ecommerce/controller/api/CategoryApiController.java:[49,13] cannot find symbol
[ERROR]   symbol:   variable log
[ERROR]   location: class com.minari.ecommerce.controller.api.CategoryApiController
[ERROR] /D:/minari-PBO/src/main/java/com/minari/ecommerce/controller/api/CategoryApiController.java:[54,13] cannot find symbol
[ERROR]   symbol:   variable log
[ERROR]   location: class com.minari.ecommerce.controller.api.CategoryApiController
[ERROR] /D:/minari-PBO/src/main/java/com/minari/ecommerce/controller/api/CategoryApiController.java:[65,13] cannot find symbol
[ERROR]   symbol:   variable log
[ERROR]   location: class com.minari.ecommerce.controller.api.CategoryApiController
[ERROR] /D:/minari-PBO/src/main/java/com/minari/ecommerce/controller/api/CategoryApiController.java:[69,13] cannot find symbol
[ERROR]   symbol:   variable log
[ERROR]   location: class com.minari.ecommerce.controller.api.CategoryApiController
[ERROR] -> [Help 1]
[ERROR] 
[ERROR] To see the full stack trace of the errors, re-run Maven with the -e switch.
[ERROR] Re-run Maven using the -X switch to enable full debug logging.
[ERROR] 
[ERROR] For more information about the errors and possible solutions, please read the following articles:
[ERROR] [Help 1] http://cwiki.apache.org/confluence/display/MAVEN/MojoFailureException
